<?xml version="1.0" encoding="UTF-8"?>
<!-- Generated by org.testng.reporters.JUnitXMLReporter -->
<testsuite ignored="0" hostname="LNAR-5CG0082QSX" failures="0" tests="8" name="WLTest" time="481.642" errors="0" timestamp="2021-01-26T02:20:47 CST">
  <testcase classname="com.dollardays.testcases.TC_Wishlist" name="wishlistTest_1" time="52.777"/>
  <testcase classname="com.dollardays.testcases.TC_Wishlist" name="wishlistTest_2" time="37.314"/>
  <testcase classname="com.dollardays.testcases.TC_Wishlist" name="wishlistTest_2" time="36.706"/>
  <testcase classname="com.dollardays.testcases.TC_Wishlist" name="wishlistTest_2" time="37.285"/>
  <testcase classname="com.dollardays.testcases.TC_Wishlist" name="wishlistTest_2" time="123.911"/>
  <testcase classname="com.dollardays.testcases.TC_Wishlist" name="wishlistTest_3" time="36.841"/>
  <testcase classname="com.dollardays.testcases.TC_Wishlist" name="wishlistTest_4" time="34.737"/>
  <testcase classname="com.dollardays.testcases.TC_Wishlist" name="wishlistTest_5" time="113.577"/>
</testsuite> <!-- WLTest -->
